15:17:27 **** Incremental Build of configuration release for project tictoc ****
make MODE=release all 
MSGC: tictoc13.msg
MSGC: tictoc14.msg
MSGC: tictoc15.msg
MSGC: tictoc16.msg
MSGC: tictoc17.msg
MSGC: tictoc18.msg
txc1.cc
txc10.cc
txc11.cc
txc12.cc
txc13.cc
txc14.cc
txc15.cc
txc16.cc
txc17.cc
txc18.cc
txc2.cc
txc3.cc
txc4.cc
txc5.cc
txc6.cc
txc7.cc
txc8.cc
txc9.cc
tictoc13_m.cc
tictoc14_m.cc
tictoc15_m.cc
tictoc16_m.cc
tictoc17_m.cc
tictoc18_m.cc
Creating executable: out/clang-release//tictoc.exe

15:19:33 Build Finished (took 2m:5s.601ms)

